{"C:\\desafio-backend-profitfyme\\src\\modules\\tariff\\infra\\typeorm\\entities\\Tariff.ts": {"path":"C:\\desafio-backend-profitfyme\\src\\modules\\tariff\\infra\\typeorm\\entities\\Tariff.ts","all":false,"statementMap":{"0":{"start":{"line":1,"column":0},"end":{"line":1,"column":56}},"1":{"start":{"line":2,"column":0},"end":{"line":2,"column":36}},"2":{"start":{"line":3,"column":0},"end":{"line":3,"column":0}},"3":{"start":{"line":4,"column":0},"end":{"line":4,"column":18}},"4":{"start":{"line":5,"column":0},"end":{"line":5,"column":14}},"5":{"start":{"line":6,"column":0},"end":{"line":6,"column":20}},"6":{"start":{"line":7,"column":0},"end":{"line":7,"column":16}},"7":{"start":{"line":8,"column":0},"end":{"line":8,"column":0}},"8":{"start":{"line":9,"column":0},"end":{"line":9,"column":18}},"9":{"start":{"line":10,"column":0},"end":{"line":10,"column":30}},"10":{"start":{"line":11,"column":0},"end":{"line":11,"column":0}},"11":{"start":{"line":12,"column":0},"end":{"line":12,"column":19}},"12":{"start":{"line":13,"column":0},"end":{"line":13,"column":22}},"13":{"start":{"line":14,"column":0},"end":{"line":14,"column":0}},"14":{"start":{"line":15,"column":0},"end":{"line":15,"column":19}},"15":{"start":{"line":16,"column":0},"end":{"line":16,"column":19}},"16":{"start":{"line":17,"column":0},"end":{"line":17,"column":0}},"17":{"start":{"line":18,"column":0},"end":{"line":18,"column":13}},"18":{"start":{"line":19,"column":0},"end":{"line":19,"column":24}},"19":{"start":{"line":20,"column":0},"end":{"line":20,"column":0}},"20":{"start":{"line":21,"column":0},"end":{"line":21,"column":19}},"21":{"start":{"line":22,"column":0},"end":{"line":22,"column":23}},"22":{"start":{"line":23,"column":0},"end":{"line":23,"column":31}},"23":{"start":{"line":24,"column":0},"end":{"line":24,"column":9}},"24":{"start":{"line":25,"column":0},"end":{"line":25,"column":5}},"25":{"start":{"line":26,"column":0},"end":{"line":26,"column":1}},"26":{"start":{"line":27,"column":0},"end":{"line":27,"column":0}},"27":{"start":{"line":28,"column":0},"end":{"line":28,"column":18}}},"s":{"0":1,"1":1,"2":1,"3":1,"4":2,"5":2,"6":2,"7":2,"8":2,"9":2,"10":2,"11":2,"12":2,"13":2,"14":2,"15":2,"16":2,"17":2,"18":2,"19":2,"20":2,"21":4,"22":4,"23":4,"24":4,"25":2,"26":1,"27":1},"branchMap":{"0":{"type":"branch","line":5,"loc":{"start":{"line":5,"column":0},"end":{"line":26,"column":1}},"locations":[{"start":{"line":5,"column":0},"end":{"line":26,"column":1}}]},"1":{"type":"branch","line":21,"loc":{"start":{"line":21,"column":4},"end":{"line":25,"column":5}},"locations":[{"start":{"line":21,"column":4},"end":{"line":25,"column":5}}]}},"b":{"0":[2],"1":[4]},"fnMap":{"0":{"name":"Tariff","decl":{"start":{"line":21,"column":4},"end":{"line":25,"column":5}},"loc":{"start":{"line":21,"column":4},"end":{"line":25,"column":5}},"line":21}},"f":{"0":4}}
,"C:\\desafio-backend-profitfyme\\src\\modules\\tariff\\repositories\\in-memory\\TariffRepositoryInMemory.ts": {"path":"C:\\desafio-backend-profitfyme\\src\\modules\\tariff\\repositories\\in-memory\\TariffRepositoryInMemory.ts","all":false,"statementMap":{"0":{"start":{"line":1,"column":0},"end":{"line":1,"column":61}},"1":{"start":{"line":2,"column":0},"end":{"line":2,"column":71}},"2":{"start":{"line":3,"column":0},"end":{"line":3,"column":0}},"3":{"start":{"line":4,"column":0},"end":{"line":4,"column":57}},"4":{"start":{"line":5,"column":0},"end":{"line":5,"column":0}},"5":{"start":{"line":6,"column":0},"end":{"line":6,"column":61}},"6":{"start":{"line":7,"column":0},"end":{"line":7,"column":26}},"7":{"start":{"line":8,"column":0},"end":{"line":8,"column":73}},"8":{"start":{"line":9,"column":0},"end":{"line":9,"column":40}},"9":{"start":{"line":10,"column":0},"end":{"line":10,"column":21}},"10":{"start":{"line":11,"column":0},"end":{"line":11,"column":51}},"11":{"start":{"line":12,"column":0},"end":{"line":12,"column":45}},"12":{"start":{"line":13,"column":0},"end":{"line":13,"column":10}},"13":{"start":{"line":14,"column":0},"end":{"line":14,"column":22}},"14":{"start":{"line":15,"column":0},"end":{"line":15,"column":5}},"15":{"start":{"line":16,"column":0},"end":{"line":16,"column":68}},"16":{"start":{"line":17,"column":0},"end":{"line":17,"column":40}},"17":{"start":{"line":18,"column":0},"end":{"line":18,"column":69}},"18":{"start":{"line":19,"column":0},"end":{"line":19,"column":10}},"19":{"start":{"line":20,"column":0},"end":{"line":20,"column":22}},"20":{"start":{"line":21,"column":0},"end":{"line":21,"column":5}},"21":{"start":{"line":22,"column":0},"end":{"line":22,"column":18}},"22":{"start":{"line":23,"column":0},"end":{"line":23,"column":26}},"23":{"start":{"line":24,"column":0},"end":{"line":24,"column":19}},"24":{"start":{"line":25,"column":0},"end":{"line":25,"column":17}},"25":{"start":{"line":26,"column":0},"end":{"line":26,"column":19}},"26":{"start":{"line":27,"column":0},"end":{"line":27,"column":35}},"27":{"start":{"line":28,"column":0},"end":{"line":28,"column":37}},"28":{"start":{"line":29,"column":0},"end":{"line":29,"column":32}},"29":{"start":{"line":30,"column":0},"end":{"line":30,"column":30}},"30":{"start":{"line":31,"column":0},"end":{"line":31,"column":23}},"31":{"start":{"line":32,"column":0},"end":{"line":32,"column":21}},"32":{"start":{"line":33,"column":0},"end":{"line":33,"column":23}},"33":{"start":{"line":34,"column":0},"end":{"line":34,"column":11}},"34":{"start":{"line":35,"column":0},"end":{"line":35,"column":34}},"35":{"start":{"line":36,"column":0},"end":{"line":36,"column":5}},"36":{"start":{"line":37,"column":0},"end":{"line":37,"column":49}},"37":{"start":{"line":38,"column":0},"end":{"line":38,"column":67}},"38":{"start":{"line":39,"column":0},"end":{"line":39,"column":23}},"39":{"start":{"line":40,"column":0},"end":{"line":40,"column":5}},"40":{"start":{"line":41,"column":0},"end":{"line":41,"column":37}},"41":{"start":{"line":42,"column":0},"end":{"line":42,"column":32}},"42":{"start":{"line":43,"column":0},"end":{"line":43,"column":19}},"43":{"start":{"line":44,"column":0},"end":{"line":44,"column":5}},"44":{"start":{"line":45,"column":0},"end":{"line":45,"column":1}},"45":{"start":{"line":46,"column":0},"end":{"line":46,"column":36}}},"s":{"0":1,"1":1,"2":1,"3":1,"4":1,"5":4,"6":4,"7":4,"8":5,"9":5,"10":5,"11":5,"12":5,"13":5,"14":5,"15":4,"16":4,"17":4,"18":4,"19":4,"20":4,"21":4,"22":4,"23":4,"24":4,"25":4,"26":4,"27":4,"28":4,"29":4,"30":4,"31":4,"32":4,"33":4,"34":4,"35":4,"36":4,"37":0,"38":0,"39":0,"40":4,"41":1,"42":1,"43":1,"44":4,"45":1},"branchMap":{"0":{"type":"branch","line":6,"loc":{"start":{"line":6,"column":0},"end":{"line":45,"column":1}},"locations":[{"start":{"line":6,"column":0},"end":{"line":45,"column":1}}]},"1":{"type":"branch","line":6,"loc":{"start":{"line":6,"column":0},"end":{"line":45,"column":1}},"locations":[{"start":{"line":6,"column":0},"end":{"line":45,"column":1}}]},"2":{"type":"branch","line":8,"loc":{"start":{"line":8,"column":4},"end":{"line":15,"column":5}},"locations":[{"start":{"line":8,"column":4},"end":{"line":15,"column":5}}]},"3":{"type":"branch","line":10,"loc":{"start":{"line":10,"column":12},"end":{"line":11,"column":22}},"locations":[{"start":{"line":10,"column":12},"end":{"line":11,"column":22}}]},"4":{"type":"branch","line":16,"loc":{"start":{"line":16,"column":4},"end":{"line":21,"column":5}},"locations":[{"start":{"line":16,"column":4},"end":{"line":21,"column":5}}]},"5":{"type":"branch","line":18,"loc":{"start":{"line":18,"column":12},"end":{"line":18,"column":28}},"locations":[{"start":{"line":18,"column":12},"end":{"line":18,"column":28}}]},"6":{"type":"branch","line":22,"loc":{"start":{"line":22,"column":4},"end":{"line":36,"column":5}},"locations":[{"start":{"line":22,"column":4},"end":{"line":36,"column":5}}]},"7":{"type":"branch","line":41,"loc":{"start":{"line":41,"column":4},"end":{"line":44,"column":5}},"locations":[{"start":{"line":41,"column":4},"end":{"line":44,"column":5}}]}},"b":{"0":[2],"1":[4],"2":[5],"3":[2],"4":[4],"5":[1],"6":[4],"7":[1]},"fnMap":{"0":{"name":"TariffRepositoryInMemory","decl":{"start":{"line":6,"column":0},"end":{"line":45,"column":1}},"loc":{"start":{"line":6,"column":0},"end":{"line":45,"column":1}},"line":6},"1":{"name":"Object.<anonymous>.TariffRepositoryInMemory.findByDate","decl":{"start":{"line":8,"column":4},"end":{"line":15,"column":5}},"loc":{"start":{"line":8,"column":4},"end":{"line":15,"column":5}},"line":8},"2":{"name":"Object.<anonymous>.TariffRepositoryInMemory.findByTariff","decl":{"start":{"line":16,"column":4},"end":{"line":21,"column":5}},"loc":{"start":{"line":16,"column":4},"end":{"line":21,"column":5}},"line":16},"3":{"name":"Object.<anonymous>.TariffRepositoryInMemory.create","decl":{"start":{"line":22,"column":4},"end":{"line":36,"column":5}},"loc":{"start":{"line":22,"column":4},"end":{"line":36,"column":5}},"line":22},"4":{"name":"Object.<anonymous>.TariffRepositoryInMemory.findById","decl":{"start":{"line":37,"column":4},"end":{"line":40,"column":5}},"loc":{"start":{"line":37,"column":4},"end":{"line":40,"column":5}},"line":37},"5":{"name":"Object.<anonymous>.TariffRepositoryInMemory.list","decl":{"start":{"line":41,"column":4},"end":{"line":44,"column":5}},"loc":{"start":{"line":41,"column":4},"end":{"line":44,"column":5}},"line":41}},"f":{"0":4,"1":5,"2":4,"3":4,"4":0,"5":1}}
,"C:\\desafio-backend-profitfyme\\src\\modules\\tariff\\useCases\\createTariff\\CreateTariffUseCase.ts": {"path":"C:\\desafio-backend-profitfyme\\src\\modules\\tariff\\useCases\\createTariff\\CreateTariffUseCase.ts","all":false,"statementMap":{"0":{"start":{"line":1,"column":0},"end":{"line":1,"column":61}},"1":{"start":{"line":2,"column":0},"end":{"line":2,"column":83}},"2":{"start":{"line":3,"column":0},"end":{"line":3,"column":46}},"3":{"start":{"line":4,"column":0},"end":{"line":4,"column":0}},"4":{"start":{"line":5,"column":0},"end":{"line":5,"column":51}},"5":{"start":{"line":6,"column":0},"end":{"line":6,"column":0}},"6":{"start":{"line":7,"column":0},"end":{"line":7,"column":13}},"7":{"start":{"line":8,"column":0},"end":{"line":8,"column":27}},"8":{"start":{"line":9,"column":0},"end":{"line":9,"column":16}},"9":{"start":{"line":10,"column":0},"end":{"line":10,"column":80}},"10":{"start":{"line":11,"column":0},"end":{"line":11,"column":8}},"11":{"start":{"line":12,"column":0},"end":{"line":12,"column":0}},"12":{"start":{"line":13,"column":0},"end":{"line":13,"column":19}},"13":{"start":{"line":14,"column":0},"end":{"line":14,"column":26}},"14":{"start":{"line":15,"column":0},"end":{"line":15,"column":19}},"15":{"start":{"line":16,"column":0},"end":{"line":16,"column":17}},"16":{"start":{"line":17,"column":0},"end":{"line":17,"column":19}},"17":{"start":{"line":18,"column":0},"end":{"line":18,"column":35}},"18":{"start":{"line":19,"column":0},"end":{"line":19,"column":68}},"19":{"start":{"line":20,"column":0},"end":{"line":20,"column":23}},"20":{"start":{"line":21,"column":0},"end":{"line":21,"column":21}},"21":{"start":{"line":22,"column":0},"end":{"line":22,"column":10}},"22":{"start":{"line":23,"column":0},"end":{"line":23,"column":0}},"23":{"start":{"line":24,"column":0},"end":{"line":24,"column":27}},"24":{"start":{"line":25,"column":0},"end":{"line":25,"column":56}},"25":{"start":{"line":26,"column":0},"end":{"line":26,"column":9}},"26":{"start":{"line":27,"column":0},"end":{"line":27,"column":0}},"27":{"start":{"line":28,"column":0},"end":{"line":28,"column":71}},"28":{"start":{"line":29,"column":0},"end":{"line":29,"column":30}},"29":{"start":{"line":30,"column":0},"end":{"line":30,"column":10}},"30":{"start":{"line":31,"column":0},"end":{"line":31,"column":0}},"31":{"start":{"line":32,"column":0},"end":{"line":32,"column":28}},"32":{"start":{"line":33,"column":0},"end":{"line":33,"column":63}},"33":{"start":{"line":34,"column":0},"end":{"line":34,"column":9}},"34":{"start":{"line":35,"column":0},"end":{"line":35,"column":0}},"35":{"start":{"line":36,"column":0},"end":{"line":36,"column":44}},"36":{"start":{"line":37,"column":0},"end":{"line":37,"column":30}},"37":{"start":{"line":38,"column":0},"end":{"line":38,"column":23}},"38":{"start":{"line":39,"column":0},"end":{"line":39,"column":21}},"39":{"start":{"line":40,"column":0},"end":{"line":40,"column":23}},"40":{"start":{"line":41,"column":0},"end":{"line":41,"column":11}},"41":{"start":{"line":42,"column":0},"end":{"line":42,"column":5}},"42":{"start":{"line":43,"column":0},"end":{"line":43,"column":1}},"43":{"start":{"line":44,"column":0},"end":{"line":44,"column":0}},"44":{"start":{"line":45,"column":0},"end":{"line":45,"column":31}}},"s":{"0":1,"1":1,"2":1,"3":1,"4":1,"5":1,"6":1,"7":1,"8":1,"9":3,"10":3,"11":1,"12":1,"13":5,"14":5,"15":5,"16":5,"17":5,"18":5,"19":5,"20":5,"21":5,"22":5,"23":5,"24":2,"25":2,"26":3,"27":3,"28":3,"29":3,"30":5,"31":5,"32":0,"33":0,"34":5,"35":5,"36":5,"37":5,"38":5,"39":5,"40":5,"41":5,"42":1,"43":1,"44":1},"branchMap":{"0":{"type":"branch","line":8,"loc":{"start":{"line":8,"column":0},"end":{"line":43,"column":1}},"locations":[{"start":{"line":8,"column":0},"end":{"line":43,"column":1}}]},"1":{"type":"branch","line":9,"loc":{"start":{"line":9,"column":4},"end":{"line":11,"column":8}},"locations":[{"start":{"line":9,"column":4},"end":{"line":11,"column":8}}]},"2":{"type":"branch","line":13,"loc":{"start":{"line":13,"column":4},"end":{"line":42,"column":5}},"locations":[{"start":{"line":13,"column":4},"end":{"line":42,"column":5}}]},"3":{"type":"branch","line":19,"loc":{"start":{"line":19,"column":29},"end":{"line":22,"column":10}},"locations":[{"start":{"line":19,"column":29},"end":{"line":22,"column":10}}]},"4":{"type":"branch","line":24,"loc":{"start":{"line":24,"column":26},"end":{"line":26,"column":9}},"locations":[{"start":{"line":24,"column":26},"end":{"line":26,"column":9}}]},"5":{"type":"branch","line":27,"loc":{"start":{"line":27,"column":-2},"end":{"line":30,"column":10}},"locations":[{"start":{"line":27,"column":-2},"end":{"line":30,"column":10}}]},"6":{"type":"branch","line":32,"loc":{"start":{"line":32,"column":27},"end":{"line":34,"column":9}},"locations":[{"start":{"line":32,"column":27},"end":{"line":34,"column":9}}]}},"b":{"0":[1],"1":[3],"2":[5],"3":[5],"4":[2],"5":[3],"6":[0]},"fnMap":{"0":{"name":"CreateTariffUseCase","decl":{"start":{"line":9,"column":4},"end":{"line":11,"column":8}},"loc":{"start":{"line":9,"column":4},"end":{"line":11,"column":8}},"line":9},"1":{"name":"Object.<anonymous>.CreateTariffUseCase.execute","decl":{"start":{"line":13,"column":4},"end":{"line":42,"column":5}},"loc":{"start":{"line":13,"column":4},"end":{"line":42,"column":5}},"line":13}},"f":{"0":3,"1":5}}
,"C:\\desafio-backend-profitfyme\\src\\shared\\errors\\AppError.ts": {"path":"C:\\desafio-backend-profitfyme\\src\\shared\\errors\\AppError.ts","all":false,"statementMap":{"0":{"start":{"line":1,"column":0},"end":{"line":1,"column":16}},"1":{"start":{"line":2,"column":0},"end":{"line":2,"column":36}},"2":{"start":{"line":3,"column":0},"end":{"line":3,"column":39}},"3":{"start":{"line":4,"column":0},"end":{"line":4,"column":0}},"4":{"start":{"line":5,"column":0},"end":{"line":5,"column":52}},"5":{"start":{"line":6,"column":0},"end":{"line":6,"column":31}},"6":{"start":{"line":7,"column":0},"end":{"line":7,"column":37}},"7":{"start":{"line":8,"column":0},"end":{"line":8,"column":5}},"8":{"start":{"line":9,"column":0},"end":{"line":9,"column":1}},"9":{"start":{"line":10,"column":0},"end":{"line":10,"column":20}}},"s":{"0":1,"1":1,"2":1,"3":1,"4":1,"5":2,"6":2,"7":2,"8":1,"9":1},"branchMap":{"0":{"type":"branch","line":1,"loc":{"start":{"line":1,"column":0},"end":{"line":9,"column":1}},"locations":[{"start":{"line":1,"column":0},"end":{"line":9,"column":1}}]},"1":{"type":"branch","line":5,"loc":{"start":{"line":5,"column":4},"end":{"line":8,"column":5}},"locations":[{"start":{"line":5,"column":4},"end":{"line":8,"column":5}}]}},"b":{"0":[1],"1":[2]},"fnMap":{"0":{"name":"AppError","decl":{"start":{"line":5,"column":4},"end":{"line":8,"column":5}},"loc":{"start":{"line":5,"column":4},"end":{"line":8,"column":5}},"line":5}},"f":{"0":2}}
}
