TN:
SF:src\modules\tariff\infra\typeorm\entities\Tariff.ts
FN:21,Tariff
FNF:1
FNH:1
FNDA:4,Tariff
DA:1,1
DA:2,1
DA:3,1
DA:4,1
DA:5,2
DA:6,2
DA:7,2
DA:8,2
DA:9,2
DA:10,2
DA:11,2
DA:12,2
DA:13,2
DA:14,2
DA:15,2
DA:16,2
DA:17,2
DA:18,2
DA:19,2
DA:20,2
DA:21,2
DA:22,4
DA:23,4
DA:24,4
DA:25,4
DA:26,2
DA:27,1
DA:28,1
LF:28
LH:28
BRDA:5,0,0,2
BRDA:21,1,0,4
BRF:2
BRH:2
end_of_record
TN:
SF:src\modules\tariff\repositories\in-memory\TariffRepositoryInMemory.ts
FN:6,TariffRepositoryInMemory
FN:8,Object.<anonymous>.TariffRepositoryInMemory.findByDate
FN:16,Object.<anonymous>.TariffRepositoryInMemory.findByTariff
FN:22,Object.<anonymous>.TariffRepositoryInMemory.create
FN:37,Object.<anonymous>.TariffRepositoryInMemory.findById
FN:41,Object.<anonymous>.TariffRepositoryInMemory.list
FNF:6
FNH:5
FNDA:4,TariffRepositoryInMemory
FNDA:5,Object.<anonymous>.TariffRepositoryInMemory.findByDate
FNDA:4,Object.<anonymous>.TariffRepositoryInMemory.findByTariff
FNDA:4,Object.<anonymous>.TariffRepositoryInMemory.create
FNDA:0,Object.<anonymous>.TariffRepositoryInMemory.findById
FNDA:1,Object.<anonymous>.TariffRepositoryInMemory.list
DA:1,1
DA:2,1
DA:3,1
DA:4,1
DA:5,1
DA:6,4
DA:7,4
DA:8,4
DA:9,5
DA:10,5
DA:11,5
DA:12,5
DA:13,5
DA:14,5
DA:15,5
DA:16,4
DA:17,4
DA:18,4
DA:19,4
DA:20,4
DA:21,4
DA:22,4
DA:23,4
DA:24,4
DA:25,4
DA:26,4
DA:27,4
DA:28,4
DA:29,4
DA:30,4
DA:31,4
DA:32,4
DA:33,4
DA:34,4
DA:35,4
DA:36,4
DA:37,4
DA:38,0
DA:39,0
DA:40,0
DA:41,4
DA:42,1
DA:43,1
DA:44,1
DA:45,4
DA:46,1
LF:46
LH:43
BRDA:6,0,0,2
BRDA:6,1,0,4
BRDA:8,2,0,5
BRDA:10,3,0,2
BRDA:16,4,0,4
BRDA:18,5,0,1
BRDA:22,6,0,4
BRDA:41,7,0,1
BRF:8
BRH:8
end_of_record
TN:
SF:src\modules\tariff\useCases\createTariff\CreateTariffUseCase.ts
FN:9,CreateTariffUseCase
FN:13,Object.<anonymous>.CreateTariffUseCase.execute
FNF:2
FNH:2
FNDA:3,CreateTariffUseCase
FNDA:5,Object.<anonymous>.CreateTariffUseCase.execute
DA:1,1
DA:2,1
DA:3,1
DA:4,1
DA:5,1
DA:6,1
DA:7,1
DA:8,1
DA:9,1
DA:10,3
DA:11,3
DA:12,1
DA:13,1
DA:14,5
DA:15,5
DA:16,5
DA:17,5
DA:18,5
DA:19,5
DA:20,5
DA:21,5
DA:22,5
DA:23,5
DA:24,5
DA:25,2
DA:26,2
DA:27,3
DA:28,3
DA:29,3
DA:30,3
DA:31,5
DA:32,5
DA:33,0
DA:34,0
DA:35,5
DA:36,5
DA:37,5
DA:38,5
DA:39,5
DA:40,5
DA:41,5
DA:42,5
DA:43,1
DA:44,1
DA:45,1
LF:45
LH:43
BRDA:8,0,0,1
BRDA:9,1,0,3
BRDA:13,2,0,5
BRDA:19,3,0,5
BRDA:24,4,0,2
BRDA:27,5,0,3
BRDA:32,6,0,0
BRF:7
BRH:6
end_of_record
TN:
SF:src\shared\errors\AppError.ts
FN:5,AppError
FNF:1
FNH:1
FNDA:2,AppError
DA:1,1
DA:2,1
DA:3,1
DA:4,1
DA:5,1
DA:6,2
DA:7,2
DA:8,2
DA:9,1
DA:10,1
LF:10
LH:10
BRDA:1,0,0,1
BRDA:5,1,0,2
BRF:2
BRH:2
end_of_record
